<?xml version="1.0" encoding="UTF-8"?>
<testng-results ignored="0" total="2" passed="2" failed="0" skipped="0">
  <reporter-output>
  </reporter-output>
  <suite started-at="2024-06-26T19:06:16 IST" name="Default suite" finished-at="2024-06-26T19:06:26 IST" duration-ms="10152">
    <groups>
    </groups>
    <test started-at="2024-06-26T19:06:16 IST" name="Default test" finished-at="2024-06-26T19:06:26 IST" duration-ms="10152">
      <class name="Maps.WeakHashMapDemo">
        <test-method signature="GetHashMapDemo()[pri:0, instance:Maps.WeakHashMapDemo@78123e82]" started-at="2024-06-26T19:06:16 IST" name="GetHashMapDemo" finished-at="2024-06-26T19:06:21 IST" duration-ms="5030" status="PASS">
          <reporter-output>
          </reporter-output>
        </test-method> <!-- GetHashMapDemo -->
        <test-method signature="GetWeakHashMapDemo()[pri:0, instance:Maps.WeakHashMapDemo@78123e82]" started-at="2024-06-26T19:06:21 IST" name="GetWeakHashMapDemo" finished-at="2024-06-26T19:06:26 IST" duration-ms="5046" status="PASS">
          <reporter-output>
          </reporter-output>
        </test-method> <!-- GetWeakHashMapDemo -->
      </class> <!-- Maps.WeakHashMapDemo -->
    </test> <!-- Default test -->
  </suite> <!-- Default suite -->
</testng-results>
